app/build/intermediates/manifest_merge_blame_file/debug/manifest-merger-blame-debug-report.txt
1<?xml version="1.0" encoding="utf-8"?>
2<manifest xmlns:android="http://schemas.android.com/apk/res/android"
3    package="com.android.myapp"
4    android:versionCode="1"
5    android:versionName="1.0" >
6
7    <uses-sdk
8        android:minSdkVersion="21"
8-->src\main\AndroidManifest.xml
9        android:targetSdkVersion="29" />
9-->src\main\AndroidManifest.xml
10
11    <application
11-->src\main\AndroidManifest.xml:7:5-33:19
12        android:allowBackup="true"
12-->src\main\AndroidManifest.xml:8:9-35
13        android:appComponentFactory="androidx.core.app.CoreComponentFactory"
13-->[androidx.core:core:1.1.0] AndroidManifest.xml:24:18-86
14        android:debuggable="true"
15        android:icon="@mipmap/ic_launcher"
15-->src\main\AndroidManifest.xml:9:9-43
16        android:label="@string/app_name"
16-->src\main\AndroidManifest.xml:10:9-41
17        android:roundIcon="@mipmap/ic_launcher_round"
17-->src\main\AndroidManifest.xml:11:9-54
18        android:supportsRtl="true"
18-->src\main\AndroidManifest.xml:12:9-35
19        android:testOnly="true"
20        android:theme="@style/AppTheme" >
20-->src\main\AndroidManifest.xml:13:9-40
21        <activity android:name="com.android.myapp.SplashActivity" >
21-->src\main\AndroidManifest.xml:15:9-21:20
21-->src\main\AndroidManifest.xml:15:19-49
22            <intent-filter>
22-->src\main\AndroidManifest.xml:16:13-20:29
23                <action android:name="android.intent.action.MAIN" />
23-->src\main\AndroidManifest.xml:17:17-69
23-->src\main\AndroidManifest.xml:17:25-66
24
25                <category android:name="android.intent.category.LAUNCHER" />
25-->src\main\AndroidManifest.xml:19:17-77
25-->src\main\AndroidManifest.xml:19:27-74
26            </intent-filter>
27        </activity>
28        <activity android:name="com.android.myapp.MenuBangunDatar" />
28-->src\main\AndroidManifest.xml:22:9-62
28-->src\main\AndroidManifest.xml:22:19-50
29        <activity
29-->src\main\AndroidManifest.xml:24:9-25:20
30            android:name="com.android.myapp.HitungPersegiPanjang"
30-->src\main\AndroidManifest.xml:24:19-72
31            android:label="Persegi Panjang" >
31-->src\main\AndroidManifest.xml:24:73-104
32        </activity>
33        <activity
33-->src\main\AndroidManifest.xml:26:9-27:20
34            android:name="com.android.myapp.HitungSegitiga"
34-->src\main\AndroidManifest.xml:26:19-66
35            android:label="Segitiga" >
35-->src\main\AndroidManifest.xml:26:67-91
36        </activity>
37        <activity
37-->src\main\AndroidManifest.xml:28:9-29:20
38            android:name="com.android.myapp.HitungLingkaran"
38-->src\main\AndroidManifest.xml:28:19-67
39            android:label="Lingkaran" >
39-->src\main\AndroidManifest.xml:28:68-93
40        </activity>
41        <activity
41-->src\main\AndroidManifest.xml:30:9-31:20
42            android:name="com.android.myapp.About"
42-->src\main\AndroidManifest.xml:30:19-57
43            android:label="About" >
43-->src\main\AndroidManifest.xml:30:58-79
44        </activity>
45    </application>
46
47</manifest>